0 info it worked if it ends with ok
1 verbose cli [ '/usr/bin/node', '/usr/bin/npm', 'install', 'nodemon', '-g' ]
2 info using npm@1.4.21
3 info using node@v8.11.1
4 verbose cache add [ 'nodemon', null ]
5 verbose cache add name=undefined spec="nodemon" args=["nodemon",null]
6 verbose parsed url Url {
6 verbose parsed url   protocol: null,
6 verbose parsed url   slashes: null,
6 verbose parsed url   auth: null,
6 verbose parsed url   host: null,
6 verbose parsed url   port: null,
6 verbose parsed url   hostname: null,
6 verbose parsed url   hash: null,
6 verbose parsed url   search: null,
6 verbose parsed url   query: null,
6 verbose parsed url   pathname: 'nodemon',
6 verbose parsed url   path: 'nodemon',
6 verbose parsed url   href: 'nodemon' }
7 silly lockFile 1625b929-nodemon nodemon
8 verbose lock nodemon /home/pi/.npm/1625b929-nodemon.lock
9 silly lockFile 1625b929-nodemon nodemon
10 silly lockFile 1625b929-nodemon nodemon
11 verbose addNamed [ 'nodemon', '' ]
12 verbose addNamed [ null, '*' ]
13 silly lockFile 4f5e51c6-nodemon nodemon@
14 verbose lock nodemon@ /home/pi/.npm/4f5e51c6-nodemon.lock
15 silly addNameRange { name: 'nodemon', range: '*', hasData: false }
16 verbose request where is /nodemon
17 verbose request registry https://registry.npmjs.org/
18 verbose request id 2dcb071ea746781d
19 verbose url raw /nodemon
20 verbose url resolving [ 'https://registry.npmjs.org/', './nodemon' ]
21 verbose url resolved https://registry.npmjs.org/nodemon
22 verbose request where is https://registry.npmjs.org/nodemon
23 info trying registry request attempt 1 at 19:24:40
24 http GET https://registry.npmjs.org/nodemon
25 http 200 https://registry.npmjs.org/nodemon
26 silly registry.get cb [ 200,
26 silly registry.get   { date: 'Thu, 15 Nov 2018 19:24:45 GMT',
26 silly registry.get     'content-type': 'application/json',
26 silly registry.get     'transfer-encoding': 'chunked',
26 silly registry.get     connection: 'close',
26 silly registry.get     'set-cookie':
26 silly registry.get      [ '__cfduid=d9c0ed9b1dacf18c48b52a7ec35b27b431542309885; expires=Fri, 15-Nov-19 19:24:45 GMT; path=/; domain=.registry.npmjs.org; HttpOnly' ],
26 silly registry.get     'cf-cache-status': 'HIT',
26 silly registry.get     'cache-control': 'max-age=300',
26 silly registry.get     'cf-ray': '47a419910dfc361d-MAN',
26 silly registry.get     etag: 'W/"72cefecf8b8fe6393c4fa442660732e6"',
26 silly registry.get     'expect-ct': 'max-age=604800, report-uri="https://report-uri.cloudflare.com/cdn-cgi/beacon/expect-ct"',
26 silly registry.get     'last-modified': 'Mon, 05 Nov 2018 11:27:55 GMT',
26 silly registry.get     vary: 'accept-encoding, accept',
26 silly registry.get     'x-amz-meta-rev': '1013-56a50493eaa84eced79cf358628b2cd0',
26 silly registry.get     server: 'cloudflare',
26 silly registry.get     'content-encoding': 'gzip' } ]
27 silly addNameRange number 2 { name: 'nodemon', range: '*', hasData: true }
28 silly addNameRange versions [ 'nodemon',
28 silly addNameRange   [ '0.1.4',
28 silly addNameRange     '0.1.5',
28 silly addNameRange     '0.1.6',
28 silly addNameRange     '0.1.7',
28 silly addNameRange     '0.1.8',
28 silly addNameRange     '0.2.0',
28 silly addNameRange     '0.2.1',
28 silly addNameRange     '0.2.2',
28 silly addNameRange     '0.3.0',
28 silly addNameRange     '0.3.1',
28 silly addNameRange     '0.3.2',
28 silly addNameRange     '0.4.0',
28 silly addNameRange     '0.4.1',
28 silly addNameRange     '0.5.0',
28 silly addNameRange     '0.5.1',
28 silly addNameRange     '0.5.2',
28 silly addNameRange     '0.5.3',
28 silly addNameRange     '0.5.4',
28 silly addNameRange     '0.5.5',
28 silly addNameRange     '0.5.6',
28 silly addNameRange     '0.5.7',
28 silly addNameRange     '0.6.0',
28 silly addNameRange     '0.6.1',
28 silly addNameRange     '0.6.2',
28 silly addNameRange     '0.6.3',
28 silly addNameRange     '0.6.4',
28 silly addNameRange     '0.6.5',
28 silly addNameRange     '0.6.6',
28 silly addNameRange     '0.6.7',
28 silly addNameRange     '0.6.8',
28 silly addNameRange     '0.6.9',
28 silly addNameRange     '0.6.10',
28 silly addNameRange     '0.6.11',
28 silly addNameRange     '0.6.12',
28 silly addNameRange     '0.6.13',
28 silly addNameRange     '0.6.14',
28 silly addNameRange     '0.6.15',
28 silly addNameRange     '0.6.16',
28 silly addNameRange     '0.6.17',
28 silly addNameRange     '0.6.18',
28 silly addNameRange     '0.6.19',
28 silly addNameRange     '0.6.20',
28 silly addNameRange     '0.6.21',
28 silly addNameRange     '0.6.22',
28 silly addNameRange     '0.6.23',
28 silly addNameRange     '0.7.0',
28 silly addNameRange     '0.7.1',
28 silly addNameRange     '0.7.2',
28 silly addNameRange     '0.7.3',
28 silly addNameRange     '0.7.4',
28 silly addNameRange     '0.7.5',
28 silly addNameRange     '0.7.6',
28 silly addNameRange     '0.7.7',
28 silly addNameRange     '0.7.8',
28 silly addNameRange     '0.7.10',
28 silly addNameRange     '0.9.0',
28 silly addNameRange     '0.9.1',
28 silly addNameRange     '0.9.2',
28 silly addNameRange     '0.9.3',
28 silly addNameRange     '0.9.5',
28 silly addNameRange     '0.9.6',
28 silly addNameRange     '0.9.7',
28 silly addNameRange     '0.9.10',
28 silly addNameRange     '0.9.11',
28 silly addNameRange     '0.9.12',
28 silly addNameRange     '0.9.14',
28 silly addNameRange     '0.9.16',
28 silly addNameRange     '0.9.17',
28 silly addNameRange     '1.0.0',
28 silly addNameRange     '1.0.1',
28 silly addNameRange     '1.0.2',
28 silly addNameRange     '1.0.2-rc',
28 silly addNameRange     '0.6.10-a',
28 silly addNameRange     '1.0.2-rc3',
28 silly addNameRange     '1.0.2-rc4',
28 silly addNameRange     '1.0.3',
28 silly addNameRange     '1.0.4',
28 silly addNameRange     '1.0.5',
28 silly addNameRange     '1.0.6',
28 silly addNameRange     '1.0.7',
28 silly addNameRange     '1.0.8',
28 silly addNameRange     '1.0.9',
28 silly addNameRange     '1.0.10',
28 silly addNameRange     '1.0.11',
28 silly addNameRange     '1.0.12',
28 silly addNameRange     '1.0.13',
28 silly addNameRange     '1.0.14',
28 silly addNameRange     '1.0.15',
28 silly addNameRange     '1.0.16',
28 silly addNameRange     '1.0.17-rc1',
28 silly addNameRange     '1.0.17-rc2',
28 silly addNameRange     '1.0.17',
28 silly addNameRange     '1.0.18',
28 silly addNameRange     '1.0.19',
28 silly addNameRange     '1.0.20',
28 silly addNameRange     '1.1.0-alpha',
28 silly addNameRange     '1.1.0',
28 silly addNameRange     '1.1.1',
28 silly addNameRange     '1.2.0',
28 silly addNameRange     '1.2.1',
28 silly addNameRange     ... 97 more items ] ]
29 verbose addNamed [ 'nodemon', '1.18.6' ]
30 verbose addNamed [ '1.18.6', '1.18.6' ]
31 silly lockFile 61515a50-nodemon-1-18-6 nodemon@1.18.6
32 verbose lock nodemon@1.18.6 /home/pi/.npm/61515a50-nodemon-1-18-6.lock
33 silly lockFile 97a7dfd0-s-org-nodemon-nodemon-1-18-6-tgz https://registry.npmjs.org/nodemon/-/nodemon-1.18.6.tgz
34 verbose lock https://registry.npmjs.org/nodemon/-/nodemon-1.18.6.tgz /home/pi/.npm/97a7dfd0-s-org-nodemon-nodemon-1-18-6-tgz.lock
35 verbose addRemoteTarball [ 'https://registry.npmjs.org/nodemon/-/nodemon-1.18.6.tgz',
35 verbose addRemoteTarball   '89b1136634d6c0afc7de24cc932a760e999e2c76' ]
36 info retry fetch attempt 1 at 19:24:45
37 verbose fetch to= /tmp/npm-5354-e9ap2hOg/registry.npmjs.org/nodemon/-/nodemon-1.18.6.tgz
38 http GET https://registry.npmjs.org/nodemon/-/nodemon-1.18.6.tgz
39 http 200 https://registry.npmjs.org/nodemon/-/nodemon-1.18.6.tgz
40 silly lockFile 97a7dfd0-s-org-nodemon-nodemon-1-18-6-tgz https://registry.npmjs.org/nodemon/-/nodemon-1.18.6.tgz
41 silly lockFile 97a7dfd0-s-org-nodemon-nodemon-1-18-6-tgz https://registry.npmjs.org/nodemon/-/nodemon-1.18.6.tgz
42 silly lockFile 61515a50-nodemon-1-18-6 nodemon@1.18.6
43 silly lockFile 61515a50-nodemon-1-18-6 nodemon@1.18.6
44 silly lockFile 4f5e51c6-nodemon nodemon@
45 silly lockFile 4f5e51c6-nodemon nodemon@
46 silly resolved [ { name: 'nodemon',
46 silly resolved     homepage: 'http://nodemon.io',
46 silly resolved     author: { name: 'Remy Sharp', url: 'http://github.com/remy' },
46 silly resolved     bin: { nodemon: './bin/nodemon.js' },
46 silly resolved     engines: { node: '>=4' },
46 silly resolved     repository: { type: 'git', url: 'git+https://github.com/remy/nodemon.git' },
46 silly resolved     description: 'Simple monitor script for use during development of a node.js app.',
46 silly resolved     keywords:
46 silly resolved      [ 'monitor',
46 silly resolved        'development',
46 silly resolved        'restart',
46 silly resolved        'autoload',
46 silly resolved        'reload',
46 silly resolved        'terminal' ],
46 silly resolved     license: 'MIT',
46 silly resolved     main: './lib/nodemon',
46 silly resolved     scripts:
46 silly resolved      { commitmsg: 'commitlint -e',
46 silly resolved        coverage: 'istanbul cover _mocha -- --timeout 30000 --ui bdd --reporter list test/**/*.test.js',
46 silly resolved        lint: 'jscs lib/**/*.js -v',
46 silly resolved        ':spec': 'mocha --timeout 30000 --ui bdd test/**/*.test.js',
46 silly resolved        test: 'npm run lint && npm run spec',
46 silly resolved        spec: 'for FILE in test/**/*.test.js; do echo $FILE; TEST=1 mocha --exit --timeout 30000 $FILE; if [ $? -ne 0 ]; then exit 1; fi; sleep 1; done',
46 silly resolved        postspec: 'npm run clean',
46 silly resolved        clean: 'rm -rf test/fixtures/test*.js test/fixtures/test*.md',
46 silly resolved        web: 'node web',
46 silly resolved        'semantic-release': 'semantic-release pre && npm publish && semantic-release post',
46 silly resolved        prepush: 'npm run lint',
46 silly resolved        killall: 'ps auxww | grep node | grep -v grep | awk \'{ print $2 }\' | xargs kill -9',
46 silly resolved        postinstall: 'node bin/postinstall || exit 0' },
46 silly resolved     devDependencies:
46 silly resolved      { '@commitlint/cli': '^3.1.3',
46 silly resolved        '@commitlint/config-angular': '^3.1.1',
46 silly resolved        async: '1.4.2',
46 silly resolved        'coffee-script': '~1.7.1',
46 silly resolved        husky: '^0.14.3',
46 silly resolved        istanbul: '^0.4.5',
46 silly resolved        jscs: '^3.0.7',
46 silly resolved        mocha: '^2.3.3',
46 silly resolved        proxyquire: '^1.8.0',
46 silly resolved        'semantic-release': '^8.2.0',
46 silly resolved        should: '~4.0.0' },
46 silly resolved     dependencies:
46 silly resolved      { chokidar: '^2.0.4',
46 silly resolved        debug: '^3.1.0',
46 silly resolved        'ignore-by-default': '^1.0.1',
46 silly resolved        minimatch: '^3.0.4',
46 silly resolved        'pstree.remy': '^1.1.0',
46 silly resolved        semver: '^5.5.0',
46 silly resolved        'supports-color': '^5.2.0',
46 silly resolved        touch: '^3.1.0',
46 silly resolved        undefsafe: '^2.0.2',
46 silly resolved        'update-notifier': '^2.3.0' },
46 silly resolved     version: '1.18.6',
46 silly resolved     gitHead: '521eb1e49d9a6556853ae468ec071deea749076a',
46 silly resolved     bugs: { url: 'https://github.com/remy/nodemon/issues' },
46 silly resolved     _id: 'nodemon@1.18.6',
46 silly resolved     _npmVersion: '5.6.0',
46 silly resolved     _nodeVersion: '9.11.2',
46 silly resolved     _npmUser: { name: 'remy', email: 'remy@leftlogic.com' },
46 silly resolved     dist:
46 silly resolved      { integrity: 'sha512-4pHQNYEZun+IkIC2jCaXEhkZnfA7rQe73i8RkdRyDJls/K+WxR7IpI5uNUsAvQ0zWvYcCDNGD+XVtw2ZG86/uQ==',
46 silly resolved        shasum: '89b1136634d6c0afc7de24cc932a760e999e2c76',
46 silly resolved        tarball: 'https://registry.npmjs.org/nodemon/-/nodemon-1.18.6.tgz',
46 silly resolved        fileCount: 42,
46 silly resolved        unpackedSize: 103037,
46 silly resolved        'npm-signature': '-----BEGIN PGP SIGNATURE-----\r\nVersion: OpenPGP.js v3.0.4\r\nComment: https://openpgpjs.org\r\n\r\nwsFcBAEBCAAQBQJb4Ck1CRA9TVsSAnZWagAAuYEP/30YkvRbuXUOSrc7tmdo\nxFNJkGlPfkPNlEgh3xmVV8eaxbKN2wfvN0u7KUG/m7C37IEjT6hzvL2mBFib\nKAGceIs+A9E1sWEe8lFYuByWsBtAtOnpDJ17nnDwlztl0bh/p5Xho/jMMY2Y\nmitEry38Kl2MDa0QjCff1My/EkiHcRC9O2d3fa80XA4GShUvxkfJxBiQNoci\nHqcxwI5q6JIIpw4TOP+H2behVexkg+bU1MolEYJ+71Kp8mn1snVc6mVqet3W\nnH6IcjSHOtIcBpOty0BYVlqabnODGIJjodP0tAz6NOtbSzH5G/LVhQ9YuqpP\nWH/dt0wpKfytQ4F8kfsztosNxuCM+h6ySsee9Z+zByJbXaNZjkQ9+cz0ilqX\nfnJPWnKgSlJ6dycOywXRFD+0gW5PwLaXMCpExdZ8Yci6xTbZUQEJGrQGHeJ+\nlfu9CHHl++NTf7/RlvOvnD2ftNqErLjJD/Iy9m7zFYIsiCSRniaVohSf5uam\nVYyX8s3maFOvSwXduCtSen1ipgt783wxht/ir1TZ/ferXmHUQQnFWqqsQKFi\no2lHJDEAGUrVDC6I3GhKWmWEomPthwwcu9CMt2HK4LYRAB3Zh20T9KXg1HJh\nEnZ/i1kEaeVylcLPegZetLCHk/SAEQFm4f/GvAXJJXykuC4N7kdIkEZcsx40\nlwkq\r\n=vcC4\r\n-----END PGP SIGNATURE-----\r\n' },
46 silly resolved     maintainers: [ [Object] ],
46 silly resolved     directories: {},
46 silly resolved     _npmOperationalInternal:
46 silly resolved      { host: 's3://npm-registry-packages',
46 silly resolved        tmp: 'tmp/nodemon_1.18.6_1541417268861_0.6626190541487975' },
46 silly resolved     _hasShrinkwrap: false,
46 silly resolved     _shasum: '89b1136634d6c0afc7de24cc932a760e999e2c76',
46 silly resolved     _from: 'nodemon@',
46 silly resolved     _resolved: 'https://registry.npmjs.org/nodemon/-/nodemon-1.18.6.tgz' } ]
47 info install nodemon@1.18.6 into /usr/local/lib
48 info installOne nodemon@1.18.6
49 verbose lib/node_modules/nodemon unbuild
50 verbose tar unpack /home/pi/.npm/nodemon/1.18.6/package.tgz
51 silly lockFile 15c6d46c-r-local-lib-node-modules-nodemon tar:///usr/local/lib/node_modules/nodemon
52 verbose lock tar:///usr/local/lib/node_modules/nodemon /home/pi/.npm/15c6d46c-r-local-lib-node-modules-nodemon.lock
53 silly lockFile e9043666-i-npm-nodemon-1-18-6-package-tgz tar:///home/pi/.npm/nodemon/1.18.6/package.tgz
54 verbose lock tar:///home/pi/.npm/nodemon/1.18.6/package.tgz /home/pi/.npm/e9043666-i-npm-nodemon-1-18-6-package-tgz.lock
55 silly gunzTarPerm modes [ '755', '644' ]
56 error tar.unpack untar error /home/pi/.npm/nodemon/1.18.6/package.tgz
57 silly lockFile 15c6d46c-r-local-lib-node-modules-nodemon tar:///usr/local/lib/node_modules/nodemon
58 silly lockFile 15c6d46c-r-local-lib-node-modules-nodemon tar:///usr/local/lib/node_modules/nodemon
59 silly lockFile e9043666-i-npm-nodemon-1-18-6-package-tgz tar:///home/pi/.npm/nodemon/1.18.6/package.tgz
60 silly lockFile e9043666-i-npm-nodemon-1-18-6-package-tgz tar:///home/pi/.npm/nodemon/1.18.6/package.tgz
61 verbose lib/node_modules/nodemon unbuild
62 error Error: EACCES: permission denied, mkdir '/usr/local/lib/node_modules/nodemon'
62 error  { Error: EACCES: permission denied, mkdir '/usr/local/lib/node_modules/nodemon'
62 error   errno: -13,
62 error   code: 'EACCES',
62 error   syscall: 'mkdir',
62 error   path: '/usr/local/lib/node_modules/nodemon',
62 error   fstream_type: 'Directory',
62 error   fstream_path: '/usr/local/lib/node_modules/nodemon',
62 error   fstream_class: 'DirWriter',
62 error   fstream_stack:
62 error    [ '/usr/lib/nodejs/fstream/lib/dir-writer.js:35:25',
62 error      '/usr/lib/nodejs/mkdirp/index.js:46:53',
62 error      'FSReqWrap.oncomplete (fs.js:152:21)' ] }
63 error Please try running this command again as root/Administrator.
64 error System Linux 4.14.50-v7+
65 error command "/usr/bin/node" "/usr/bin/npm" "install" "nodemon" "-g"
66 error cwd /home/pi/Project
67 error node -v v8.11.1
68 error npm -v 1.4.21
69 error path /usr/local/lib/node_modules/nodemon
70 error syscall mkdir
71 error fstream_path /usr/local/lib/node_modules/nodemon
72 error fstream_type Directory
73 error fstream_class DirWriter
74 error code EACCES
75 error errno -13
76 error stack Error: EACCES: permission denied, mkdir '/usr/local/lib/node_modules/nodemon'
77 error fstream_stack /usr/lib/nodejs/fstream/lib/dir-writer.js:35:25
77 error fstream_stack /usr/lib/nodejs/mkdirp/index.js:46:53
77 error fstream_stack FSReqWrap.oncomplete (fs.js:152:21)
78 verbose exit [ -13, true ]
